Determining if the pthread_create exist failed with the following output:
Change Dir: /home/ldkge/Documents/git/inemo_node/build/CMakeFiles/CMakeTmp

Run Build Command:"/usr/bin/make" "cmTryCompileExec600069445/fast"
/usr/bin/make -f CMakeFiles/cmTryCompileExec600069445.dir/build.make CMakeFiles/cmTryCompileExec600069445.dir/build
make[1]: Entering directory `/home/ldkge/Documents/git/inemo_node/build/CMakeFiles/CMakeTmp'
/usr/bin/cmake -E cmake_progress_report /home/ldkge/Documents/git/inemo_node/build/CMakeFiles/CMakeTmp/CMakeFiles 1
Building C object CMakeFiles/cmTryCompileExec600069445.dir/CheckSymbolExists.c.o
/usr/bin/cc    -o CMakeFiles/cmTryCompileExec600069445.dir/CheckSymbolExists.c.o   -c /home/ldkge/Documents/git/inemo_node/build/CMakeFiles/CMakeTmp/CheckSymbolExists.c
Linking C executable cmTryCompileExec600069445
/usr/bin/cmake -E cmake_link_script CMakeFiles/cmTryCompileExec600069445.dir/link.txt --verbose=1
/usr/bin/cc       CMakeFiles/cmTryCompileExec600069445.dir/CheckSymbolExists.c.o  -o cmTryCompileExec600069445 -rdynamic 
CMakeFiles/cmTryCompileExec600069445.dir/CheckSymbolExists.c.o: In function `main':
CheckSymbolExists.c:(.text+0xa): undefined reference to `pthread_create'
collect2: ld returned 1 exit status
make[1]: Leaving directory `/home/ldkge/Documents/git/inemo_node/build/CMakeFiles/CMakeTmp'
make[1]: *** [cmTryCompileExec600069445] Error 1
make: *** [cmTryCompileExec600069445/fast] Error 2

File /home/ldkge/Documents/git/inemo_node/build/CMakeFiles/CMakeTmp/CheckSymbolExists.c:
/* */
#include <pthread.h>

int main(int argc, char** argv)
{
  (void)argv;
#ifndef pthread_create
  return ((int*)(&pthread_create))[argc];
#else
  (void)argc;
  return 0;
#endif
}

Determining if the function pthread_create exists in the pthreads failed with the following output:
Change Dir: /home/ldkge/Documents/git/inemo_node/build/CMakeFiles/CMakeTmp

Run Build Command:"/usr/bin/make" "cmTryCompileExec3931422281/fast"
/usr/bin/make -f CMakeFiles/cmTryCompileExec3931422281.dir/build.make CMakeFiles/cmTryCompileExec3931422281.dir/build
make[1]: Entering directory `/home/ldkge/Documents/git/inemo_node/build/CMakeFiles/CMakeTmp'
/usr/bin/cmake -E cmake_progress_report /home/ldkge/Documents/git/inemo_node/build/CMakeFiles/CMakeTmp/CMakeFiles 1
Building C object CMakeFiles/cmTryCompileExec3931422281.dir/CheckFunctionExists.c.o
/usr/bin/cc   -DCHECK_FUNCTION_EXISTS=pthread_create   -o CMakeFiles/cmTryCompileExec3931422281.dir/CheckFunctionExists.c.o   -c /usr/share/cmake-3.0/Modules/CheckFunctionExists.c
Linking C executable cmTryCompileExec3931422281
/usr/bin/cmake -E cmake_link_script CMakeFiles/cmTryCompileExec3931422281.dir/link.txt --verbose=1
/usr/bin/cc   -DCHECK_FUNCTION_EXISTS=pthread_create    CMakeFiles/cmTryCompileExec3931422281.dir/CheckFunctionExists.c.o  -o cmTryCompileExec3931422281 -rdynamic -lpthreads 
/usr/bin/ld: cannot find -lpthreads
make[1]: Leaving directory `/home/ldkge/Documents/git/inemo_node/build/CMakeFiles/CMakeTmp'
collect2: ld returned 1 exit status
make[1]: *** [cmTryCompileExec3931422281] Error 1
make: *** [cmTryCompileExec3931422281/fast] Error 2


